Using pre-set license
Built from '2021.2/staging' branch; Version is '2021.2.6f1 (8c4e826ba445) revision 9195138'; Using compiler version '192829333'; Build Type 'Release'
OS: 'Windows 10  (10.0.19043) 64bit Core' Language: 'en' Physical Memory: 32673 MB
BatchMode: 1, IsHumanControllingUs: 0, StartBugReporterOnCrash: 0, Is64bit: 1, IsPro: 0

COMMAND LINE ARGUMENTS:
C:\Program Files\Unity\Hub\Editor\2021.2.6f1\Editor\Unity.exe
-adb2
-batchMode
-noUpm
-name
AssetImportWorker2
-projectPath
D:/Personal Projects/Shader Projects Repo/Shader-Projects/Shader Projects
-logFile
Logs/AssetImportWorker2.log
-srvPort
59163
Successfully changed project path to: D:/Personal Projects/Shader Projects Repo/Shader-Projects/Shader Projects
D:/Personal Projects/Shader Projects Repo/Shader-Projects/Shader Projects
[UnityMemory] Configuration Parameters - Can be set up in boot.config
    "memorysetup-bucket-allocator-granularity=16"
    "memorysetup-bucket-allocator-bucket-count=8"
    "memorysetup-bucket-allocator-block-size=33554432"
    "memorysetup-bucket-allocator-block-count=8"
    "memorysetup-main-allocator-block-size=16777216"
    "memorysetup-thread-allocator-block-size=16777216"
    "memorysetup-gfx-main-allocator-block-size=16777216"
    "memorysetup-gfx-thread-allocator-block-size=16777216"
    "memorysetup-cache-allocator-block-size=4194304"
    "memorysetup-typetree-allocator-block-size=2097152"
    "memorysetup-profiler-bucket-allocator-granularity=16"
    "memorysetup-profiler-bucket-allocator-bucket-count=8"
    "memorysetup-profiler-bucket-allocator-block-size=33554432"
    "memorysetup-profiler-bucket-allocator-block-count=8"
    "memorysetup-profiler-allocator-block-size=16777216"
    "memorysetup-profiler-editor-allocator-block-size=1048576"
    "memorysetup-temp-allocator-size-main=16777216"
    "memorysetup-job-temp-allocator-block-size=2097152"
    "memorysetup-job-temp-allocator-block-size-background=1048576"
    "memorysetup-job-temp-allocator-reduction-small-platforms=262144"
    "memorysetup-temp-allocator-size-background-worker=32768"
    "memorysetup-temp-allocator-size-job-worker=262144"
    "memorysetup-temp-allocator-size-preload-manager=33554432"
    "memorysetup-temp-allocator-size-nav-mesh-worker=65536"
    "memorysetup-temp-allocator-size-audio-worker=65536"
    "memorysetup-temp-allocator-size-cloud-worker=32768"
    "memorysetup-temp-allocator-size-gi-baking-worker=262144"
    "memorysetup-temp-allocator-size-gfx=262144"
Refreshing native plugins compatible for Editor in 68.36 ms, found 3 plugins.
Preloading 0 native plugins for Editor in 0.00 ms.
Initialize engine version: 2021.2.6f1 (8c4e826ba445)
[Subsystems] Discovering subsystems at path C:/Program Files/Unity/Hub/Editor/2021.2.6f1/Editor/Data/Resources/UnitySubsystems
[Subsystems] Discovering subsystems at path D:/Personal Projects/Shader Projects Repo/Shader-Projects/Shader Projects/Assets
GfxDevice: creating device client; threaded=0; jobified=0
Direct3D:
    Version:  Direct3D 11.0 [level 11.1]
    Renderer: NVIDIA GeForce RTX 3080 (ID=0x2216)
    Vendor:   NVIDIA
    VRAM:     10078 MB
    Driver:   30.0.15.1215
Initialize mono
Mono path[0] = 'C:/Program Files/Unity/Hub/Editor/2021.2.6f1/Editor/Data/Managed'
Mono path[1] = 'C:/Program Files/Unity/Hub/Editor/2021.2.6f1/Editor/Data/MonoBleedingEdge/lib/mono/unityjit-win32'
Mono config path = 'C:/Program Files/Unity/Hub/Editor/2021.2.6f1/Editor/Data/MonoBleedingEdge/etc'
Using monoOptions --debugger-agent=transport=dt_socket,embedding=1,server=y,suspend=n,address=127.0.0.1:56100
Begin MonoManager ReloadAssembly
Registering precompiled unity dll's ...
Register platform support module: C:/Program Files/Unity/Hub/Editor/2021.2.6f1/Editor/Data/PlaybackEngines/MacStandaloneSupport/UnityEditor.OSXStandalone.Extensions.dll
Register platform support module: C:/Program Files/Unity/Hub/Editor/2021.2.6f1/Editor/Data/PlaybackEngines/WindowsStandaloneSupport/UnityEditor.WindowsStandalone.Extensions.dll
Register platform support module: C:/Program Files/Unity/Hub/Editor/2021.2.6f1/Editor/Data/PlaybackEngines/LinuxStandaloneSupport/UnityEditor.LinuxStandalone.Extensions.dll
Registered in 0.008848 seconds.
Native extension for LinuxStandalone target not found
Native extension for WindowsStandalone target not found
Native extension for OSXStandalone target not found
Refreshing native plugins compatible for Editor in 64.52 ms, found 3 plugins.
Preloading 0 native plugins for Editor in 0.00 ms.
Mono: successfully reloaded assembly
- Completed reload, in  0.470 seconds
Domain Reload Profiling:
	ReloadAssembly (470ms)
		BeginReloadAssembly (61ms)
			ExecutionOrderSort (0ms)
			DisableScriptedObjects (0ms)
			BackupInstance (0ms)
			ReleaseScriptingObjects (0ms)
			CreateAndSetChildDomain (1ms)
		EndReloadAssembly (343ms)
			LoadAssemblies (58ms)
			RebuildTransferFunctionScriptingTraits (0ms)
			SetupTypeCache (66ms)
			ReleaseScriptCaches (0ms)
			RebuildScriptCaches (19ms)
			SetupLoadedEditorAssemblies (220ms)
				LogAssemblyErrors (0ms)
				InitializePlatformSupportModulesInManaged (18ms)
				SetLoadedEditorAssemblies (0ms)
				RefreshPlugins (65ms)
				BeforeProcessingInitializeOnLoad (1ms)
				ProcessInitializeOnLoadAttributes (105ms)
				ProcessInitializeOnLoadMethodAttributes (31ms)
				AfterProcessingInitializeOnLoad (0ms)
				EditorAssembliesLoaded (0ms)
			ExecutionOrderSort2 (0ms)
			AwakeInstancesAfterBackupRestoration (0ms)
Platform modules already initialized, skipping
Registering precompiled user dll's ...
Registered in 0.003710 seconds.
Begin MonoManager ReloadAssembly
Symbol file LoadedFromMemory doesn't match image D:\Personal Projects\Shader Projects Repo\Shader-Projects\Shader Projects\Library\PackageCache\com.unity.visualscripting@1.7.5\Editor\VisualScripting.Core\Dependencies\YamlDotNet\Unity.VisualScripting.YamlDotNet.dll
Symbol file LoadedFromMemory doesn't match image D:\Personal Projects\Shader Projects Repo\Shader-Projects\Shader Projects\Library\PackageCache\com.unity.visualscripting@1.7.5\Editor\VisualScripting.Core\Dependencies\DotNetZip\Unity.VisualScripting.IonicZip.dll
Native extension for LinuxStandalone target not found
Native extension for WindowsStandalone target not found
Native extension for OSXStandalone target not found
Refreshing native plugins compatible for Editor in 0.61 ms, found 3 plugins.
Preloading 0 native plugins for Editor in 0.00 ms.
Mono: successfully reloaded assembly
- Completed reload, in  0.751 seconds
Domain Reload Profiling:
	ReloadAssembly (752ms)
		BeginReloadAssembly (86ms)
			ExecutionOrderSort (0ms)
			DisableScriptedObjects (5ms)
			BackupInstance (0ms)
			ReleaseScriptingObjects (0ms)
			CreateAndSetChildDomain (16ms)
		EndReloadAssembly (595ms)
			LoadAssemblies (61ms)
			RebuildTransferFunctionScriptingTraits (0ms)
			SetupTypeCache (171ms)
			ReleaseScriptCaches (1ms)
			RebuildScriptCaches (34ms)
			SetupLoadedEditorAssemblies (302ms)
				LogAssemblyErrors (0ms)
				InitializePlatformSupportModulesInManaged (15ms)
				SetLoadedEditorAssemblies (0ms)
				RefreshPlugins (1ms)
				BeforeProcessingInitializeOnLoad (76ms)
				ProcessInitializeOnLoadAttributes (184ms)
				ProcessInitializeOnLoadMethodAttributes (16ms)
				AfterProcessingInitializeOnLoad (10ms)
				EditorAssembliesLoaded (0ms)
			ExecutionOrderSort2 (0ms)
			AwakeInstancesAfterBackupRestoration (5ms)
Platform modules already initialized, skipping
========================================================================
Worker process is ready to serve import requests
Launched and connected shader compiler UnityShaderCompiler.exe after 0.06 seconds
Refreshing native plugins compatible for Editor in 0.67 ms, found 3 plugins.
Preloading 0 native plugins for Editor in 0.00 ms.
Unloading 3592 Unused Serialized files (Serialized files now loaded: 0)
Unloading 27 unused Assets / (172.9 KB). Loaded Objects now: 4049.
Memory consumption went from 131.7 MB to 131.6 MB.
Total: 3.029200 ms (FindLiveObjects: 0.289900 ms CreateObjectMapping: 0.182300 ms MarkObjects: 2.437800 ms  DeleteObjects: 0.118700 ms)

AssetImportParameters requested are different than current active one (requested -> active):
  custom:video-decoder-ogg-theora: a1e56fd34408186e4bbccfd4996cb3dc -> 
  custom:container-muxer-webm: aa71ff27fc2769a1b78a27578f13a17b -> 
  custom:container-demuxer-webm: 4f35f7cbe854078d1ac9338744f61a02 -> 
  custom:video-encoder-webm-vp8: eb34c28f22e8b96e1ab97ce403110664 -> 
  custom:audio-encoder-webm-vorbis: bf7c407c2cedff20999df2af8eb42d56 -> 
  custom:framework-win-MediaFoundation: 216162199b28c13a410421893ffa2e32 -> 
  custom:container-demuxer-ogg: 62fdf1f143b41e24485cea50d1cbac27 -> 
  custom:video-decoder-webm-vp8: 9c59270c3fd7afecdb556c50c9e8de78 -> 
  custom:audio-decoder-ogg-vorbis: bf7c407c2cedff20999df2af8eb42d56 -> 
========================================================================
Received Import Request.
  Time since last request: 173453.166915 seconds.
  path: Assets/Materials/StencilEffect.mat
  artifactKey: Guid(d0525ff5949be1f4c85769b4aaa94712) Importer(815301076,1909f56bfc062723c751e8b465ee728b)
Start importing Assets/Materials/StencilEffect.mat using Guid(d0525ff5949be1f4c85769b4aaa94712) Importer(815301076,1909f56bfc062723c751e8b465ee728b)  -> (artifact id: 'f5e4be73a134a6031b803808566c9c06') in 0.085334 seconds 
========================================================================
Received Import Request.
  Time since last request: 1.985130 seconds.
  path: Assets/Materials/StencilEffect 1.mat
  artifactKey: Guid(1e0d60bbbaa42ab47b869a28bec519fb) Importer(815301076,1909f56bfc062723c751e8b465ee728b)
Start importing Assets/Materials/StencilEffect 1.mat using Guid(1e0d60bbbaa42ab47b869a28bec519fb) Importer(815301076,1909f56bfc062723c751e8b465ee728b)  -> (artifact id: '608e2b58f580cc706e2490fe5cc713d6') in 0.012726 seconds 
========================================================================
Received Import Request.
  Time since last request: 1.428450 seconds.
  path: Assets/Materials/StencilEffect 2.mat
  artifactKey: Guid(451513c890d91fd469f19ebfe537f13d) Importer(815301076,1909f56bfc062723c751e8b465ee728b)
Start importing Assets/Materials/StencilEffect 2.mat using Guid(451513c890d91fd469f19ebfe537f13d) Importer(815301076,1909f56bfc062723c751e8b465ee728b)  -> (artifact id: 'b893c6c3fc35b4e98bbb89c731b0ecdd') in 0.009510 seconds 
========================================================================
Received Import Request.
  Time since last request: 1.079273 seconds.
  path: Assets/Materials/StencilEffect 3.mat
  artifactKey: Guid(61ad1ef5e9230984c8d7ff0d33f12128) Importer(815301076,1909f56bfc062723c751e8b465ee728b)
Start importing Assets/Materials/StencilEffect 3.mat using Guid(61ad1ef5e9230984c8d7ff0d33f12128) Importer(815301076,1909f56bfc062723c751e8b465ee728b)  -> (artifact id: '4002fea239e90874bf41c3d6179ce5ff') in 0.010662 seconds 
========================================================================
Received Import Request.
  Time since last request: 10.381618 seconds.
  path: Assets/Materials/StencilEffect4.mat
  artifactKey: Guid(d0525ff5949be1f4c85769b4aaa94712) Importer(815301076,1909f56bfc062723c751e8b465ee728b)
Start importing Assets/Materials/StencilEffect4.mat using Guid(d0525ff5949be1f4c85769b4aaa94712) Importer(815301076,1909f56bfc062723c751e8b465ee728b)  -> (artifact id: '90f0ea0ca582b99f5a87d4c79a64db3b') in 0.012264 seconds 
========================================================================
Received Import Request.
  Time since last request: 4.073918 seconds.
  path: Assets/Materials/StencilEffect 4.mat
  artifactKey: Guid(d0525ff5949be1f4c85769b4aaa94712) Importer(815301076,1909f56bfc062723c751e8b465ee728b)
Start importing Assets/Materials/StencilEffect 4.mat using Guid(d0525ff5949be1f4c85769b4aaa94712) Importer(815301076,1909f56bfc062723c751e8b465ee728b)  -> (artifact id: '1fc661679edfeb917da4269aeb91b5ba') in 0.008964 seconds 
========================================================================
Received Import Request.
  Time since last request: 123.321568 seconds.
  path: Assets/Materials/StencilEffect 1.mat
  artifactKey: Guid(1e0d60bbbaa42ab47b869a28bec519fb) Importer(815301076,1909f56bfc062723c751e8b465ee728b)
Start importing Assets/Materials/StencilEffect 1.mat using Guid(1e0d60bbbaa42ab47b869a28bec519fb) Importer(815301076,1909f56bfc062723c751e8b465ee728b)  -> (artifact id: 'b358e27674b95d59554c2e7540bc6680') in 0.019141 seconds 
========================================================================
Received Import Request.
  Time since last request: 0.000017 seconds.
  path: Assets/Materials/StencilEffect 4.mat
  artifactKey: Guid(d0525ff5949be1f4c85769b4aaa94712) Importer(815301076,1909f56bfc062723c751e8b465ee728b)
Start importing Assets/Materials/StencilEffect 4.mat using Guid(d0525ff5949be1f4c85769b4aaa94712) Importer(815301076,1909f56bfc062723c751e8b465ee728b)  -> (artifact id: '321a49bff604ed79d0b5b8d4addd5a7a') in 0.010168 seconds 
========================================================================
Received Import Request.
  Time since last request: 0.000015 seconds.
  path: Assets/Materials/StencilEffect 3.mat
  artifactKey: Guid(61ad1ef5e9230984c8d7ff0d33f12128) Importer(815301076,1909f56bfc062723c751e8b465ee728b)
Start importing Assets/Materials/StencilEffect 3.mat using Guid(61ad1ef5e9230984c8d7ff0d33f12128) Importer(815301076,1909f56bfc062723c751e8b465ee728b)  -> (artifact id: '93ac3ad5a2301bee790c8222aa0dd292') in 0.006665 seconds 
========================================================================
Received Import Request.
  Time since last request: 144.416096 seconds.
  path: Assets/TextMesh Pro/Resources/Fonts & Materials/LiberationSans SDF.asset
  artifactKey: Guid(8f586378b4e144a9851e7b34d9b748ee) Importer(815301076,1909f56bfc062723c751e8b465ee728b)
Start importing Assets/TextMesh Pro/Resources/Fonts & Materials/LiberationSans SDF.asset using Guid(8f586378b4e144a9851e7b34d9b748ee) Importer(815301076,1909f56bfc062723c751e8b465ee728b)  -> (artifact id: '2d5b92e457e498fd61e64c3cc10db4c3') in 0.238851 seconds 
