Using pre-set license
Built from '2021.2/staging' branch; Version is '2021.2.6f1 (8c4e826ba445) revision 9195138'; Using compiler version '192829333'; Build Type 'Release'
OS: 'Windows 10  (10.0.19043) 64bit Core' Language: 'en' Physical Memory: 32673 MB
BatchMode: 1, IsHumanControllingUs: 0, StartBugReporterOnCrash: 0, Is64bit: 1, IsPro: 0

COMMAND LINE ARGUMENTS:
C:\Program Files\Unity\Hub\Editor\2021.2.6f1\Editor\Unity.exe
-adb2
-batchMode
-noUpm
-name
AssetImportWorker0
-projectPath
D:/Personal Projects/Shader Projects Repo/Shader-Projects/Shader Projects
-logFile
Logs/AssetImportWorker0.log
-srvPort
51858
Successfully changed project path to: D:/Personal Projects/Shader Projects Repo/Shader-Projects/Shader Projects
D:/Personal Projects/Shader Projects Repo/Shader-Projects/Shader Projects
[UnityMemory] Configuration Parameters - Can be set up in boot.config
    "memorysetup-bucket-allocator-granularity=16"
    "memorysetup-bucket-allocator-bucket-count=8"
    "memorysetup-bucket-allocator-block-size=33554432"
    "memorysetup-bucket-allocator-block-count=8"
    "memorysetup-main-allocator-block-size=16777216"
    "memorysetup-thread-allocator-block-size=16777216"
    "memorysetup-gfx-main-allocator-block-size=16777216"
    "memorysetup-gfx-thread-allocator-block-size=16777216"
    "memorysetup-cache-allocator-block-size=4194304"
    "memorysetup-typetree-allocator-block-size=2097152"
    "memorysetup-profiler-bucket-allocator-granularity=16"
    "memorysetup-profiler-bucket-allocator-bucket-count=8"
    "memorysetup-profiler-bucket-allocator-block-size=33554432"
    "memorysetup-profiler-bucket-allocator-block-count=8"
    "memorysetup-profiler-allocator-block-size=16777216"
    "memorysetup-profiler-editor-allocator-block-size=1048576"
    "memorysetup-temp-allocator-size-main=16777216"
    "memorysetup-job-temp-allocator-block-size=2097152"
    "memorysetup-job-temp-allocator-block-size-background=1048576"
    "memorysetup-job-temp-allocator-reduction-small-platforms=262144"
    "memorysetup-temp-allocator-size-background-worker=32768"
    "memorysetup-temp-allocator-size-job-worker=262144"
    "memorysetup-temp-allocator-size-preload-manager=33554432"
    "memorysetup-temp-allocator-size-nav-mesh-worker=65536"
    "memorysetup-temp-allocator-size-audio-worker=65536"
    "memorysetup-temp-allocator-size-cloud-worker=32768"
    "memorysetup-temp-allocator-size-gi-baking-worker=262144"
    "memorysetup-temp-allocator-size-gfx=262144"
Refreshing native plugins compatible for Editor in 92.42 ms, found 4 plugins.
Preloading 0 native plugins for Editor in 0.00 ms.
Initialize engine version: 2021.2.6f1 (8c4e826ba445)
[Subsystems] Discovering subsystems at path C:/Program Files/Unity/Hub/Editor/2021.2.6f1/Editor/Data/Resources/UnitySubsystems
[Subsystems] Discovering subsystems at path D:/Personal Projects/Shader Projects Repo/Shader-Projects/Shader Projects/Assets
GfxDevice: creating device client; threaded=0; jobified=0
Direct3D:
    Version:  Direct3D 11.0 [level 11.1]
    Renderer: NVIDIA GeForce RTX 3080 (ID=0x2216)
    Vendor:   NVIDIA
    VRAM:     10078 MB
    Driver:   30.0.15.1215
Initialize mono
Mono path[0] = 'C:/Program Files/Unity/Hub/Editor/2021.2.6f1/Editor/Data/Managed'
Mono path[1] = 'C:/Program Files/Unity/Hub/Editor/2021.2.6f1/Editor/Data/MonoBleedingEdge/lib/mono/unityjit-win32'
Mono config path = 'C:/Program Files/Unity/Hub/Editor/2021.2.6f1/Editor/Data/MonoBleedingEdge/etc'
Using monoOptions --debugger-agent=transport=dt_socket,embedding=1,server=y,suspend=n,address=127.0.0.1:56436
Begin MonoManager ReloadAssembly
Registering precompiled unity dll's ...
Register platform support module: C:/Program Files/Unity/Hub/Editor/2021.2.6f1/Editor/Data/PlaybackEngines/MacStandaloneSupport/UnityEditor.OSXStandalone.Extensions.dll
Register platform support module: C:/Program Files/Unity/Hub/Editor/2021.2.6f1/Editor/Data/PlaybackEngines/WindowsStandaloneSupport/UnityEditor.WindowsStandalone.Extensions.dll
Register platform support module: C:/Program Files/Unity/Hub/Editor/2021.2.6f1/Editor/Data/PlaybackEngines/LinuxStandaloneSupport/UnityEditor.LinuxStandalone.Extensions.dll
Registered in 0.011720 seconds.
Native extension for LinuxStandalone target not found
Native extension for WindowsStandalone target not found
Native extension for OSXStandalone target not found
Refreshing native plugins compatible for Editor in 78.19 ms, found 4 plugins.
Preloading 0 native plugins for Editor in 0.00 ms.
Mono: successfully reloaded assembly
- Completed reload, in  0.498 seconds
Domain Reload Profiling:
	ReloadAssembly (498ms)
		BeginReloadAssembly (66ms)
			ExecutionOrderSort (0ms)
			DisableScriptedObjects (0ms)
			BackupInstance (0ms)
			ReleaseScriptingObjects (0ms)
			CreateAndSetChildDomain (1ms)
		EndReloadAssembly (363ms)
			LoadAssemblies (63ms)
			RebuildTransferFunctionScriptingTraits (0ms)
			SetupTypeCache (68ms)
			ReleaseScriptCaches (0ms)
			RebuildScriptCaches (18ms)
			SetupLoadedEditorAssemblies (237ms)
				LogAssemblyErrors (0ms)
				InitializePlatformSupportModulesInManaged (19ms)
				SetLoadedEditorAssemblies (0ms)
				RefreshPlugins (78ms)
				BeforeProcessingInitializeOnLoad (1ms)
				ProcessInitializeOnLoadAttributes (105ms)
				ProcessInitializeOnLoadMethodAttributes (34ms)
				AfterProcessingInitializeOnLoad (0ms)
				EditorAssembliesLoaded (0ms)
			ExecutionOrderSort2 (0ms)
			AwakeInstancesAfterBackupRestoration (0ms)
Platform modules already initialized, skipping
Registering precompiled user dll's ...
Registered in 0.004736 seconds.
Begin MonoManager ReloadAssembly
Symbol file LoadedFromMemory doesn't match image D:\Personal Projects\Shader Projects Repo\Shader-Projects\Shader Projects\Library\PackageCache\com.unity.visualscripting@1.7.5\Editor\VisualScripting.Core\Dependencies\YamlDotNet\Unity.VisualScripting.YamlDotNet.dll
Symbol file LoadedFromMemory doesn't match image D:\Personal Projects\Shader Projects Repo\Shader-Projects\Shader Projects\Library\PackageCache\com.unity.visualscripting@1.7.5\Editor\VisualScripting.Core\Dependencies\DotNetZip\Unity.VisualScripting.IonicZip.dll
Native extension for LinuxStandalone target not found
Native extension for WindowsStandalone target not found
Native extension for OSXStandalone target not found
Refreshing native plugins compatible for Editor in 80.02 ms, found 4 plugins.
Preloading 0 native plugins for Editor in 0.00 ms.
Mono: successfully reloaded assembly
- Completed reload, in  1.489 seconds
Domain Reload Profiling:
	ReloadAssembly (1490ms)
		BeginReloadAssembly (92ms)
			ExecutionOrderSort (0ms)
			DisableScriptedObjects (4ms)
			BackupInstance (0ms)
			ReleaseScriptingObjects (0ms)
			CreateAndSetChildDomain (17ms)
		EndReloadAssembly (1328ms)
			LoadAssemblies (71ms)
			RebuildTransferFunctionScriptingTraits (0ms)
			SetupTypeCache (194ms)
			ReleaseScriptCaches (1ms)
			RebuildScriptCaches (42ms)
			SetupLoadedEditorAssemblies (822ms)
				LogAssemblyErrors (0ms)
				InitializePlatformSupportModulesInManaged (17ms)
				SetLoadedEditorAssemblies (0ms)
				RefreshPlugins (80ms)
				BeforeProcessingInitializeOnLoad (91ms)
				ProcessInitializeOnLoadAttributes (599ms)
				ProcessInitializeOnLoadMethodAttributes (25ms)
				AfterProcessingInitializeOnLoad (11ms)
				EditorAssembliesLoaded (0ms)
			ExecutionOrderSort2 (0ms)
			AwakeInstancesAfterBackupRestoration (4ms)
Platform modules already initialized, skipping
========================================================================
Worker process is ready to serve import requests
Launched and connected shader compiler UnityShaderCompiler.exe after 0.07 seconds
Refreshing native plugins compatible for Editor in 0.81 ms, found 4 plugins.
Preloading 0 native plugins for Editor in 0.00 ms.
Unloading 4427 Unused Serialized files (Serialized files now loaded: 0)
Unloading 41 unused Assets / (149.3 KB). Loaded Objects now: 4883.
Memory consumption went from 174.0 MB to 173.9 MB.
Total: 3.606400 ms (FindLiveObjects: 0.287400 ms CreateObjectMapping: 0.184000 ms MarkObjects: 3.023900 ms  DeleteObjects: 0.110500 ms)

AssetImportParameters requested are different than current active one (requested -> active):
  custom:video-decoder-ogg-theora: a1e56fd34408186e4bbccfd4996cb3dc -> 
  custom:container-muxer-webm: aa71ff27fc2769a1b78a27578f13a17b -> 
  custom:container-demuxer-webm: 4f35f7cbe854078d1ac9338744f61a02 -> 
  custom:video-encoder-webm-vp8: eb34c28f22e8b96e1ab97ce403110664 -> 
  custom:audio-encoder-webm-vorbis: bf7c407c2cedff20999df2af8eb42d56 -> 
  custom:framework-win-MediaFoundation: 216162199b28c13a410421893ffa2e32 -> 
  custom:container-demuxer-ogg: 62fdf1f143b41e24485cea50d1cbac27 -> 
  custom:video-decoder-webm-vp8: 9c59270c3fd7afecdb556c50c9e8de78 -> 
  custom:audio-decoder-ogg-vorbis: bf7c407c2cedff20999df2af8eb42d56 -> 
========================================================================
Received Import Request.
  Time since last request: 881978.476826 seconds.
  path: Assets/Models/kirby.obj
  artifactKey: Guid(d51bff3fcb8708d4180b089338343e9b) Importer(815301076,1909f56bfc062723c751e8b465ee728b)
Start importing Assets/Models/kirby.obj using Guid(d51bff3fcb8708d4180b089338343e9b) Importer(815301076,1909f56bfc062723c751e8b465ee728b)  -> (artifact id: '73056dce51a91a41a42e4361822c8acf') in 0.188527 seconds 
========================================================================
Received Import Request.
  Time since last request: 8.664486 seconds.
  path: Assets/Textures/t0000_0.png
  artifactKey: Guid(0ced87a849038f54c8708d98493f22dd) Importer(815301076,1909f56bfc062723c751e8b465ee728b)
Start importing Assets/Textures/t0000_0.png using Guid(0ced87a849038f54c8708d98493f22dd) Importer(815301076,1909f56bfc062723c751e8b465ee728b)  -> (artifact id: '22e15f8d5faac131c545f84615304791') in 0.029726 seconds 
========================================================================
Received Import Request.
  Time since last request: 26.360441 seconds.
  path: Assets/Shaders/HalfTone.shader
  artifactKey: Guid(c62cf13b56275bb4b9e8e3d53bb93b82) Importer(815301076,1909f56bfc062723c751e8b465ee728b)
Start importing Assets/Shaders/HalfTone.shader using Guid(c62cf13b56275bb4b9e8e3d53bb93b82) Importer(815301076,1909f56bfc062723c751e8b465ee728b)  -> (artifact id: '6e5fc97bd4ce478b8d1010debb32e4a1') in 0.006794 seconds 
========================================================================
Received Import Request.
  Time since last request: 14.452598 seconds.
  path: Assets/Shaders/HalfTone.shader
  artifactKey: Guid(c62cf13b56275bb4b9e8e3d53bb93b82) Importer(815301076,1909f56bfc062723c751e8b465ee728b)
Start importing Assets/Shaders/HalfTone.shader using Guid(c62cf13b56275bb4b9e8e3d53bb93b82) Importer(815301076,1909f56bfc062723c751e8b465ee728b)  -> (artifact id: '60f8dbc1bd4b09f294e2a05fc643fd14') in 0.004039 seconds 
========================================================================
Received Import Request.
  Time since last request: 49.470000 seconds.
  path: Assets/Materials/New Material.mat
  artifactKey: Guid(c5b8a8c4c5e974f499a5fdf69f5c63d0) Importer(815301076,1909f56bfc062723c751e8b465ee728b)
Start importing Assets/Materials/New Material.mat using Guid(c5b8a8c4c5e974f499a5fdf69f5c63d0) Importer(815301076,1909f56bfc062723c751e8b465ee728b)  -> (artifact id: '779c841ac0807fe910d51f870ad3dbd7') in 0.020177 seconds 
========================================================================
Received Import Request.
  Time since last request: 678.023760 seconds.
  path: Assets/Materials/Kirby
  artifactKey: Guid(af0f5fe62f77eea42b1850e706c36c31) Importer(815301076,1909f56bfc062723c751e8b465ee728b)
Start importing Assets/Materials/Kirby using Guid(af0f5fe62f77eea42b1850e706c36c31) Importer(815301076,1909f56bfc062723c751e8b465ee728b)  -> (artifact id: 'e0bba911fa824feddca09ef572044679') in 0.004061 seconds 
========================================================================
Received Import Request.
  Time since last request: 4.266499 seconds.
  path: Assets/Materials/Kirby/HalfTone 1.mat
  artifactKey: Guid(dafb42cee583e1d47b19d681e2323923) Importer(815301076,1909f56bfc062723c751e8b465ee728b)
Start importing Assets/Materials/Kirby/HalfTone 1.mat using Guid(dafb42cee583e1d47b19d681e2323923) Importer(815301076,1909f56bfc062723c751e8b465ee728b)  -> (artifact id: '4e52e038aae574a06b62b283f453724a') in 0.013855 seconds 
========================================================================
Received Import Request.
  Time since last request: 4.942733 seconds.
  path: Assets/Materials/Kirby/HalfTone 2.mat
  artifactKey: Guid(dafb42cee583e1d47b19d681e2323923) Importer(815301076,1909f56bfc062723c751e8b465ee728b)
Start importing Assets/Materials/Kirby/HalfTone 2.mat using Guid(dafb42cee583e1d47b19d681e2323923) Importer(815301076,1909f56bfc062723c751e8b465ee728b)  -> (artifact id: 'aace556189fa40bc5d5058f539cf89f7') in 0.009383 seconds 
========================================================================
Received Import Request.
  Time since last request: 8.377881 seconds.
  path: Assets/Textures/t0001_0.png
  artifactKey: Guid(9fe884aca8aeac84cb78a4b10c252132) Importer(815301076,1909f56bfc062723c751e8b465ee728b)
Start importing Assets/Textures/t0001_0.png using Guid(9fe884aca8aeac84cb78a4b10c252132) Importer(815301076,1909f56bfc062723c751e8b465ee728b)  -> (artifact id: '2a8c90101d0e217a5b86afb46a910e6f') in 0.020455 seconds 
========================================================================
Received Import Request.
  Time since last request: 13.828789 seconds.
  path: Assets/Materials/Kirby/HalfTone 2.mat
  artifactKey: Guid(dafb42cee583e1d47b19d681e2323923) Importer(815301076,1909f56bfc062723c751e8b465ee728b)
Start importing Assets/Materials/Kirby/HalfTone 2.mat using Guid(dafb42cee583e1d47b19d681e2323923) Importer(815301076,1909f56bfc062723c751e8b465ee728b)  -> (artifact id: 'cd8b6e41b50d4454da23d391aa5ad557') in 0.011179 seconds 
========================================================================
Received Import Request.
  Time since last request: 33.132622 seconds.
  path: Assets/Materials/Kirby/HalfTone 3.mat
  artifactKey: Guid(57e8db2417c28d34da7860c7185ce670) Importer(815301076,1909f56bfc062723c751e8b465ee728b)
Start importing Assets/Materials/Kirby/HalfTone 3.mat using Guid(57e8db2417c28d34da7860c7185ce670) Importer(815301076,1909f56bfc062723c751e8b465ee728b)  -> (artifact id: '314f1a87df59aabad6433717c55ea781') in 0.010200 seconds 
